<?xml version="1.0" encoding="UTF-8"?>
<!-- Generated by org.testng.reporters.JUnitXMLReporter -->
<testsuite hostname="CLOURD-M-V1P8" ignored="0" name="E-commerce App Test Cases" tests="3" failures="1" timestamp="27 Nov 2018 06:48:56 GMT" time="54.533" errors="0">
  <testcase name="selectSearchItemsTest" time="7.832" classname="com.crm.qa.testcases.SearchPageTest"/>
  <testcase name="addItemtoCardTest" time="1.016" classname="com.crm.qa.testcases.CardPageTest"/>
  <testcase name="dothePayment" time="0.002" classname="com.crm.qa.testcases.PaymentPageTest">
    <failure type="java.lang.NullPointerException">
      <![CDATA[java.lang.NullPointerException
at com.crm.qa.testcases.PaymentPageTest.dothePayment(PaymentPageTest.java:42)
... Removed 25 stack frames]]>
    </failure>
  </testcase> <!-- dothePayment -->
</testsuite> <!-- E-commerce App Test Cases -->
