<?xml version="1.0" encoding="UTF-8"?>
<!-- Generated by org.testng.reporters.JUnitXMLReporter -->
<testsuite hostname="CLOURD-M-V1P8" ignored="0" name="Flow 1 E-commerce App Test Cases" tests="2" failures="0" timestamp="27 Nov 2018 09:53:40 GMT" time="40.273" errors="0">
  <testcase name="dothePayment" time="6.292" classname="com.crm.qa.testcases.PaymentPageTest"/>
  <testcase name="selectSearchItemsTest" time="12.462" classname="com.crm.qa.testcases.SearchPageTest"/>
</testsuite> <!-- Flow 1 E-commerce App Test Cases -->
